<?xml version="1.0" encoding="UTF-8"?>
<!-- Generated by org.testng.reporters.JUnitReportReporter -->
<testsuite hostname="LAPTOP-O03F5P6F" failures="0" tests="1" name="authtest.BasicauthTest" time="2.093" errors="0" timestamp="2024-08-18T15:31:30 IST" skipped="0">
  <testcase classname="authtest.BasicauthTest" name="sampletTest" time="2.093"/>
  <system-out/>
</testsuite> <!-- authtest.BasicauthTest -->
