<?xml version="1.0" encoding="UTF-8"?>
<!-- Generated by org.testng.reporters.JUnitReportReporter -->
<testsuite hostname="LAPTOP-O03F5P6F" failures="0" tests="1" name="encryption.API_EncodeTest" time="0.011" errors="0" timestamp="2024-07-07T22:57:55 IST" skipped="0">
  <testcase classname="encryption.API_EncodeTest" name="sampletest" time="0.011"/>
  <system-out/>
</testsuite> <!-- encryption.API_EncodeTest -->
