<?xml version="1.0" encoding="UTF-8"?>
<!-- Generated by org.testng.reporters.JUnitReportReporter -->
<testsuite hostname="LAPTOP-O03F5P6F" failures="0" tests="1" name="crudoperationwithBDD.SamplePostTest" time="1.429" errors="0" timestamp="2024-08-13T11:02:06 IST" skipped="0">
  <testcase classname="crudoperationwithBDD.SamplePostTest" name="postDataToServer" time="1.429"/>
  <system-out/>
</testsuite> <!-- crudoperationwithBDD.SamplePostTest -->
