<?xml version="1.0" encoding="UTF-8"?>
<!-- Generated by org.testng.reporters.JUnitReportReporter -->
<testsuite hostname="LAPTOP-O03F5P6F" failures="0" tests="1" name="authtest.LoginAccesstoken" time="11.801" errors="0" timestamp="2024-07-28T20:37:34 IST" skipped="0">
  <testcase classname="authtest.LoginAccesstoken" name="getTokenAndLogin" time="11.801"/>
  <system-out/>
</testsuite> <!-- authtest.LoginAccesstoken -->
