<?xml version="1.0" encoding="UTF-8"?>
<!-- Generated by org.testng.reporters.JUnitReportReporter -->
<testsuite hostname="LAPTOP-O03F5P6F" failures="0" tests="1" name="crudoperationwithBDD.copy.API_EncodeTest" time="0.011" errors="0" timestamp="2024-06-26T15:11:09 IST" skipped="0">
  <testcase classname="crudoperationwithBDD.copy.API_EncodeTest" name="sampletest" time="0.011"/>
  <system-out/>
</testsuite> <!-- crudoperationwithBDD.copy.API_EncodeTest -->
