<?xml version="1.0" encoding="UTF-8"?>
<!-- Generated by org.testng.reporters.JUnitReportReporter -->
<testsuite hostname="LAPTOP-O03F5P6F" failures="0" tests="1" name="pOJO.CreateGetProjName" time="2.545" errors="0" timestamp="2024-06-25T12:15:03 IST" skipped="0">
  <testcase classname="pOJO.CreateGetProjName" name="postData" time="2.545"/>
  <system-out/>
</testsuite> <!-- pOJO.CreateGetProjName -->
