<?xml version="1.0" encoding="UTF-8"?>
<!-- Generated by org.testng.reporters.JUnitReportReporter -->
<testsuite hostname="LAPTOP-O03F5P6F" failures="0" tests="1" name="validateResponse.VeriftHeader" time="1.411" errors="0" timestamp="2024-06-25T11:22:42 IST" skipped="0">
  <testcase classname="validateResponse.VeriftHeader" name="verfyWithHeadertest" time="1.411"/>
  <system-out/>
</testsuite> <!-- validateResponse.VeriftHeader -->
