<?xml version="1.0" encoding="UTF-8"?>
<!-- Generated by org.testng.reporters.JUnitReportReporter -->
<testsuite hostname="LAPTOP-O03F5P6F" failures="0" tests="1" name="API.SampleTestGet" time="1.873" errors="0" timestamp="2024-06-21T15:15:56 IST" skipped="0">
  <testcase classname="API.SampleTestGet" name="getDataFromServer" time="1.873"/>
  <system-out/>
</testsuite> <!-- API.SampleTestGet -->
