<?xml version="1.0" encoding="UTF-8"?>
<!-- Generated by org.testng.reporters.JUnitReportReporter -->
<testsuite hostname="LAPTOP-O03F5P6F" failures="0" tests="1" name="backendautomation.VerifyDataBase" time="2.619" errors="0" timestamp="2024-07-01T12:46:13 IST" skipped="0">
  <testcase classname="backendautomation.VerifyDataBase" name="dBTest" time="2.619"/>
  <system-out/>
</testsuite> <!-- backendautomation.VerifyDataBase -->
