<?xml version="1.0" encoding="UTF-8"?>
<!-- Generated by org.testng.reporters.JUnitReportReporter -->
<testsuite hostname="LAPTOP-O03F5P6F" failures="0" tests="1" name="crudoperationwithoutBDD.SamplePostTest" time="1.732" errors="0" timestamp="2024-06-21T18:57:51 IST" skipped="0">
  <testcase classname="crudoperationwithoutBDD.SamplePostTest" name="postDataToServer" time="1.732"/>
  <system-out/>
</testsuite> <!-- crudoperationwithoutBDD.SamplePostTest -->
