<?xml version="1.0" encoding="UTF-8"?>
<!-- Generated by org.testng.reporters.JUnitReportReporter -->
<testsuite hostname="LAPTOP-O03F5P6F" failures="0" tests="1" name="ShoppersStack.AddToCart" time="3.416" errors="0" timestamp="2024-08-04T00:45:08 IST" skipped="0">
  <testcase classname="ShoppersStack.AddToCart" name="addToCart" time="3.416"/>
  <system-out/>
</testsuite> <!-- ShoppersStack.AddToCart -->
