<?xml version="1.0" encoding="UTF-8"?>
<!-- Generated by org.testng.reporters.JUnitReportReporter -->
<testsuite hostname="LAPTOP-O03F5P6F" failures="0" tests="1" name="crudoperationwithoutBDD.Delete" time="1.688" errors="0" timestamp="2024-06-21T18:51:33 IST" skipped="0">
  <testcase classname="crudoperationwithoutBDD.Delete" name="getDataFromServer" time="1.688"/>
  <system-out/>
</testsuite> <!-- crudoperationwithoutBDD.Delete -->
