<?xml version="1.0" encoding="UTF-8"?>
<!-- Generated by org.testng.reporters.JUnitReportReporter -->
<testsuite hostname="LAPTOP-O03F5P6F" failures="0" tests="4" name="ShoppersStack.CartEndToEnd" time="7.108" errors="0" timestamp="2024-08-15T23:11:34 IST" skipped="0">
  <testcase classname="ShoppersStack.CartEndToEnd" name="addToCart" time="2.873"/>
  <system-out/>
  <testcase classname="ShoppersStack.CartEndToEnd" name="get" time="1.419"/>
  <system-out/>
  <testcase classname="ShoppersStack.CartEndToEnd" name="updateCart" time="1.435"/>
  <system-out/>
  <testcase classname="ShoppersStack.CartEndToEnd" name="removeFromCart" time="1.381"/>
  <system-out/>
</testsuite> <!-- ShoppersStack.CartEndToEnd -->
