<?xml version="1.0" encoding="UTF-8"?>
<!-- Generated by org.testng.reporters.JUnitReportReporter -->
<testsuite hostname="LAPTOP-O03F5P6F" failures="0" tests="1" name="Pleas.TestScript" time="2.876" errors="0" timestamp="2024-07-04T18:11:38 IST" skipped="0">
  <testcase classname="Pleas.TestScript" name="Test" time="2.876"/>
  <system-out/>
</testsuite> <!-- Pleas.TestScript -->
