<?xml version="1.0" encoding="UTF-8"?>
<!-- Generated by org.testng.reporters.JUnitReportReporter -->
<testsuite hostname="LAPTOP-O03F5P6F" failures="0" tests="1" name="API.SampleTest" time="2.646" errors="0" timestamp="2024-06-21T09:43:19 IST" skipped="0">
  <testcase classname="API.SampleTest" name="sampleGetReqTest" time="2.646"/>
  <system-out/>
</testsuite> <!-- API.SampleTest -->
