<?xml version="1.0" encoding="UTF-8"?>
<!-- Generated by org.testng.reporters.JUnitReportReporter -->
<testsuite hostname="LAPTOP-O03F5P6F" failures="0" tests="1" name="crudoperationwithoutBDD.PutClass" time="1.745" errors="0" timestamp="2024-06-21T19:01:43 IST" skipped="0">
  <testcase classname="crudoperationwithoutBDD.PutClass" name="postDataToServer" time="1.745"/>
  <system-out/>
</testsuite> <!-- crudoperationwithoutBDD.PutClass -->
