<?xml version="1.0" encoding="UTF-8"?>
<!-- Generated by org.testng.reporters.JUnitReportReporter -->
<testsuite hostname="LAPTOP-O03F5P6F" failures="0" tests="1" name="crudoperationwithBDD.Patch" time="1.956" errors="0" timestamp="2024-06-21T22:52:12 IST" skipped="0">
  <testcase classname="crudoperationwithBDD.Patch" name="postDataToServer" time="1.956"/>
  <system-out/>
</testsuite> <!-- crudoperationwithBDD.Patch -->
