<?xml version="1.0" encoding="UTF-8"?>
<!-- Generated by org.testng.reporters.JUnitReportReporter -->
<testsuite hostname="LAPTOP-O03F5P6F" failures="0" tests="1" name="pOJO.CreateDeleteProjName" time="1.597" errors="0" timestamp="2024-06-27T22:34:22 IST" skipped="0">
  <testcase classname="pOJO.CreateDeleteProjName" name="postData" time="1.597"/>
  <system-out/>
</testsuite> <!-- pOJO.CreateDeleteProjName -->
