<?xml version="1.0" encoding="UTF-8"?>
<!-- Generated by org.testng.reporters.JUnitReportReporter -->
<testsuite hostname="LAPTOP-O03F5P6F" failures="0" tests="1" name="APIPractice.Practice" time="0.119" errors="0" timestamp="2024-09-03T10:34:20 IST" skipped="0">
  <testcase classname="APIPractice.Practice" name="getprojects" time="0.119"/>
  <system-out/>
</testsuite> <!-- APIPractice.Practice -->
