<?xml version="1.0" encoding="UTF-8"?>
<!-- Generated by org.testng.reporters.JUnitReportReporter -->
<testsuite hostname="LAPTOP-O03F5P6F" failures="0" tests="10" name="dataDrivenTesting.DataProvider" time="7.733" errors="0" timestamp="2024-06-27T16:18:06 IST" skipped="0">
  <testcase classname="dataDrivenTesting.DataProvider" name="sampleTest" time="0.615"/>
  <system-out/>
  <testcase classname="dataDrivenTesting.DataProvider" name="sampleTest" time="0.609"/>
  <system-out/>
  <testcase classname="dataDrivenTesting.DataProvider" name="sampleTest" time="0.615"/>
  <system-out/>
  <testcase classname="dataDrivenTesting.DataProvider" name="sampleTest" time="0.405"/>
  <system-out/>
  <testcase classname="dataDrivenTesting.DataProvider" name="sampleTest" time="0.513"/>
  <system-out/>
  <testcase classname="dataDrivenTesting.DataProvider" name="sampleTest" time="1.436"/>
  <system-out/>
  <testcase classname="dataDrivenTesting.DataProvider" name="sampleTest" time="0.502"/>
  <system-out/>
  <testcase classname="dataDrivenTesting.DataProvider" name="sampleTest" time="1.651"/>
  <system-out/>
  <testcase classname="dataDrivenTesting.DataProvider" name="sampleTest" time="0.610"/>
  <system-out/>
  <testcase classname="dataDrivenTesting.DataProvider" name="sampleTest" time="0.777"/>
  <system-out/>
</testsuite> <!-- dataDrivenTesting.DataProvider -->
