<?xml version="1.0" encoding="UTF-8"?>
<!-- Generated by org.testng.reporters.JUnitReportReporter -->
<testsuite hostname="LAPTOP-O03F5P6F" failures="0" tests="1" name="pOJO.PayrollInfo" time="4.095" errors="0" timestamp="2024-06-27T13:22:07 IST" skipped="0">
  <testcase classname="pOJO.PayrollInfo" name="getPayInfo" time="4.095"/>
  <system-out/>
</testsuite> <!-- pOJO.PayrollInfo -->
