<?xml version="1.0" encoding="UTF-8"?>
<!-- Generated by org.testng.reporters.JUnitReportReporter -->
<testsuite hostname="LAPTOP-O03F5P6F" failures="0" tests="1" name="ShoppersStack.Login" time="27.476" errors="0" timestamp="2024-09-06T12:53:46 IST" skipped="0">
  <testcase classname="ShoppersStack.Login" name="loginToGenToken" time="27.476"/>
  <system-out/>
</testsuite> <!-- ShoppersStack.Login -->
