<?xml version="1.0" encoding="UTF-8"?>
<!-- Generated by org.testng.reporters.JUnitReportReporter -->
<testsuite hostname="LAPTOP-O03F5P6F" failures="0" tests="1" name="crudoperationwithBDD.copy.SamplePostTest" time="1.728" errors="0" timestamp="2024-07-07T22:19:03 IST" skipped="0">
  <testcase classname="crudoperationwithBDD.copy.SamplePostTest" name="postDataToServer" time="1.728"/>
  <system-out/>
</testsuite> <!-- crudoperationwithBDD.copy.SamplePostTest -->
