<?xml version="1.0" encoding="UTF-8"?>
<!-- Generated by org.testng.reporters.JUnitReportReporter -->
<testsuite hostname="LAPTOP-O03F5P6F" failures="0" tests="1" name="parameters.FormParameter" time="1.422" errors="0" timestamp="2024-08-15T23:18:00 IST" skipped="0">
  <testcase classname="parameters.FormParameter" name="sampleTest" time="1.422"/>
  <system-out/>
</testsuite> <!-- parameters.FormParameter -->
