<?xml version="1.0" encoding="UTF-8"?>
<!-- Generated by org.testng.reporters.JUnitReportReporter -->
<testsuite hostname="LAPTOP-O03F5P6F" failures="0" tests="1" name="crudoperationwithBDD.PutClass" time="1.375" errors="0" timestamp="2024-06-22T10:18:29 IST" skipped="0">
  <testcase classname="crudoperationwithBDD.PutClass" name="postDataToServer" time="1.375"/>
  <system-out/>
</testsuite> <!-- crudoperationwithBDD.PutClass -->
