<?xml version="1.0" encoding="UTF-8"?>
<!-- Generated by org.testng.reporters.JUnitReportReporter -->
<testsuite hostname="LAPTOP-O03F5P6F" failures="0" tests="1" name="ShoppersStack.Orders" time="3.929" errors="0" timestamp="2024-08-04T13:43:09 IST" skipped="0">
  <testcase classname="ShoppersStack.Orders" name="getOders" time="3.929"/>
  <system-out/>
</testsuite> <!-- ShoppersStack.Orders -->
