<?xml version="1.0" encoding="UTF-8"?>
<!-- Generated by org.testng.reporters.JUnitReportReporter -->
<testsuite hostname="LAPTOP-O03F5P6F" failures="0" tests="1" name="parameters.ParamPara" time="1.435" errors="0" timestamp="2024-07-07T23:16:40 IST" skipped="0">
  <testcase classname="parameters.ParamPara" name="sampleTest" time="1.435"/>
  <system-out/>
</testsuite> <!-- parameters.ParamPara -->
