<?xml version="1.0" encoding="UTF-8"?>
<!-- Generated by org.testng.reporters.JUnitReportReporter -->
<testsuite hostname="LAPTOP-O03F5P6F" failures="0" tests="1" name="authtest.UpdatePayroll" time="1.546" errors="0" timestamp="2024-06-27T13:21:20 IST" skipped="0">
  <testcase classname="authtest.UpdatePayroll" name="payrollTest" time="1.546"/>
  <system-out/>
</testsuite> <!-- authtest.UpdatePayroll -->
